{"/Users/shalinibhousle/Documents/Project/src/index.js": {"path":"/Users/shalinibhousle/Documents/Project/src/index.js","statementMap":{},"fnMap":{},"branchMap":{},"s":{},"f":{},"b":{},"_coverageSchema":"1a1c01bbd47fc00a2c39e90264f33305004495a9","hash":"4a67c6d38055fd820c9d93f668360233d1dee7ae"}
,"/Users/shalinibhousle/Documents/Project/src/Image/image_1.jpg": {"path":"/Users/shalinibhousle/Documents/Project/src/Image/image_1.jpg","statementMap":{"0":{"start":{"line":1,"column":0},"end":{"line":4,"column":6}}},"fnMap":{},"branchMap":{},"s":{"0":1},"f":{},"b":{},"inputSourceMap":null,"_coverageSchema":"1a1c01bbd47fc00a2c39e90264f33305004495a9","hash":"3203f35f0f77f7d1746b895d26cab45e5c233f73"}
,"/Users/shalinibhousle/Documents/Project/src/Image/image_2.jpg": {"path":"/Users/shalinibhousle/Documents/Project/src/Image/image_2.jpg","statementMap":{"0":{"start":{"line":1,"column":0},"end":{"line":4,"column":6}}},"fnMap":{},"branchMap":{},"s":{"0":1},"f":{},"b":{},"inputSourceMap":null,"_coverageSchema":"1a1c01bbd47fc00a2c39e90264f33305004495a9","hash":"4dfdb8aaf1dfb047b30dc3524124659058638721"}
,"/Users/shalinibhousle/Documents/Project/src/Image/image_3.jpg": {"path":"/Users/shalinibhousle/Documents/Project/src/Image/image_3.jpg","statementMap":{"0":{"start":{"line":1,"column":0},"end":{"line":4,"column":6}}},"fnMap":{},"branchMap":{},"s":{"0":1},"f":{},"b":{},"inputSourceMap":null,"_coverageSchema":"1a1c01bbd47fc00a2c39e90264f33305004495a9","hash":"0db6eecc4f14dac374cd57a4dec0e6edada85c94"}
,"/Users/shalinibhousle/Documents/Project/src/Image/image_4.png": {"path":"/Users/shalinibhousle/Documents/Project/src/Image/image_4.png","statementMap":{"0":{"start":{"line":1,"column":0},"end":{"line":4,"column":6}}},"fnMap":{},"branchMap":{},"s":{"0":1},"f":{},"b":{},"inputSourceMap":null,"_coverageSchema":"1a1c01bbd47fc00a2c39e90264f33305004495a9","hash":"b32fc26e1fa75fbcafef9583700242a8cbaf6607"}
,"/Users/shalinibhousle/Documents/Project/src/screen_1/screenone.js": {"path":"/Users/shalinibhousle/Documents/Project/src/screen_1/screenone.js","statementMap":{"0":{"start":{"line":13,"column":18},"end":{"line":34,"column":1}},"1":{"start":{"line":14,"column":2},"end":{"line":33,"column":4}},"2":{"start":{"line":36,"column":15},"end":{"line":51,"column":2}}},"fnMap":{"0":{"name":"(anonymous_0)","decl":{"start":{"line":13,"column":18},"end":{"line":13,"column":19}},"loc":{"start":{"line":13,"column":24},"end":{"line":34,"column":1}},"line":13}},"branchMap":{},"s":{"0":1,"1":0,"2":1},"f":{"0":0},"b":{},"_coverageSchema":"1a1c01bbd47fc00a2c39e90264f33305004495a9","hash":"67291b6ff109e320b59871e167ee67b82ab3065f"}
,"/Users/shalinibhousle/Documents/Project/src/screen_2/screentwo.js": {"path":"/Users/shalinibhousle/Documents/Project/src/screen_2/screentwo.js","statementMap":{"0":{"start":{"line":13,"column":17},"end":{"line":34,"column":1}},"1":{"start":{"line":14,"column":2},"end":{"line":33,"column":4}},"2":{"start":{"line":36,"column":15},"end":{"line":51,"column":2}}},"fnMap":{"0":{"name":"(anonymous_0)","decl":{"start":{"line":13,"column":17},"end":{"line":13,"column":18}},"loc":{"start":{"line":13,"column":23},"end":{"line":34,"column":1}},"line":13}},"branchMap":{},"s":{"0":1,"1":0,"2":1},"f":{"0":0},"b":{},"_coverageSchema":"1a1c01bbd47fc00a2c39e90264f33305004495a9","hash":"c9050fec11c35faddc7e449f6fd8c30b19e23808"}
,"/Users/shalinibhousle/Documents/Project/src/screen_3/screenthree.js": {"path":"/Users/shalinibhousle/Documents/Project/src/screen_3/screenthree.js","statementMap":{"0":{"start":{"line":8,"column":20},"end":{"line":113,"column":1}},"1":{"start":{"line":9,"column":30},"end":{"line":9,"column":42}},"2":{"start":{"line":10,"column":36},"end":{"line":10,"column":48}},"3":{"start":{"line":12,"column":25},"end":{"line":28,"column":5}},"4":{"start":{"line":13,"column":18},"end":{"line":13,"column":466}},"5":{"start":{"line":14,"column":6},"end":{"line":27,"column":7}},"6":{"start":{"line":16,"column":8},"end":{"line":22,"column":9}},"7":{"start":{"line":17,"column":10},"end":{"line":17,"column":22}},"8":{"start":{"line":20,"column":10},"end":{"line":20,"column":42}},"9":{"start":{"line":21,"column":10},"end":{"line":21,"column":42}},"10":{"start":{"line":25,"column":8},"end":{"line":25,"column":39}},"11":{"start":{"line":26,"column":8},"end":{"line":26,"column":39}},"12":{"start":{"line":30,"column":28},"end":{"line":48,"column":5}},"13":{"start":{"line":31,"column":6},"end":{"line":47,"column":7}},"14":{"start":{"line":32,"column":8},"end":{"line":42,"column":9}},"15":{"start":{"line":37,"column":10},"end":{"line":37,"column":22}},"16":{"start":{"line":40,"column":10},"end":{"line":40,"column":75}},"17":{"start":{"line":41,"column":10},"end":{"line":41,"column":75}},"18":{"start":{"line":45,"column":8},"end":{"line":45,"column":39}},"19":{"start":{"line":46,"column":8},"end":{"line":46,"column":39}},"20":{"start":{"line":50,"column":4},"end":{"line":59,"column":5}},"21":{"start":{"line":51,"column":6},"end":{"line":58,"column":7}},"22":{"start":{"line":52,"column":8},"end":{"line":52,"column":45}},"23":{"start":{"line":53,"column":8},"end":{"line":53,"column":45}},"24":{"start":{"line":56,"column":8},"end":{"line":56,"column":37}},"25":{"start":{"line":57,"column":8},"end":{"line":57,"column":37}},"26":{"start":{"line":62,"column":2},"end":{"line":112,"column":4}},"27":{"start":{"line":79,"column":35},"end":{"line":79,"column":50}},"28":{"start":{"line":92,"column":38},"end":{"line":92,"column":59}},"29":{"start":{"line":103,"column":27},"end":{"line":103,"column":65}},"30":{"start":{"line":115,"column":15},"end":{"line":152,"column":2}}},"fnMap":{"0":{"name":"(anonymous_0)","decl":{"start":{"line":8,"column":20},"end":{"line":8,"column":21}},"loc":{"start":{"line":8,"column":39},"end":{"line":113,"column":1}},"line":8},"1":{"name":"(anonymous_1)","decl":{"start":{"line":12,"column":25},"end":{"line":12,"column":26}},"loc":{"start":{"line":12,"column":31},"end":{"line":28,"column":5}},"line":12},"2":{"name":"(anonymous_2)","decl":{"start":{"line":30,"column":28},"end":{"line":30,"column":29}},"loc":{"start":{"line":30,"column":34},"end":{"line":48,"column":5}},"line":30},"3":{"name":"(anonymous_3)","decl":{"start":{"line":50,"column":14},"end":{"line":50,"column":15}},"loc":{"start":{"line":50,"column":20},"end":{"line":59,"column":5}},"line":50},"4":{"name":"(anonymous_4)","decl":{"start":{"line":79,"column":24},"end":{"line":79,"column":25}},"loc":{"start":{"line":79,"column":35},"end":{"line":79,"column":50}},"line":79},"5":{"name":"(anonymous_5)","decl":{"start":{"line":92,"column":24},"end":{"line":92,"column":25}},"loc":{"start":{"line":92,"column":38},"end":{"line":92,"column":59}},"line":92},"6":{"name":"(anonymous_6)","decl":{"start":{"line":103,"column":21},"end":{"line":103,"column":22}},"loc":{"start":{"line":103,"column":27},"end":{"line":103,"column":65}},"line":103}},"branchMap":{"0":{"loc":{"start":{"line":14,"column":6},"end":{"line":27,"column":7}},"type":"if","locations":[{"start":{"line":14,"column":6},"end":{"line":27,"column":7}},{"start":{"line":14,"column":6},"end":{"line":27,"column":7}}],"line":14},"1":{"loc":{"start":{"line":16,"column":8},"end":{"line":22,"column":9}},"type":"if","locations":[{"start":{"line":16,"column":8},"end":{"line":22,"column":9}},{"start":{"line":16,"column":8},"end":{"line":22,"column":9}}],"line":16},"2":{"loc":{"start":{"line":31,"column":6},"end":{"line":47,"column":7}},"type":"if","locations":[{"start":{"line":31,"column":6},"end":{"line":47,"column":7}},{"start":{"line":31,"column":6},"end":{"line":47,"column":7}}],"line":31},"3":{"loc":{"start":{"line":32,"column":8},"end":{"line":42,"column":9}},"type":"if","locations":[{"start":{"line":32,"column":8},"end":{"line":42,"column":9}},{"start":{"line":32,"column":8},"end":{"line":42,"column":9}}],"line":32},"4":{"loc":{"start":{"line":32,"column":12},"end":{"line":35,"column":49}},"type":"binary-expr","locations":[{"start":{"line":32,"column":12},"end":{"line":32,"column":36}},{"start":{"line":32,"column":40},"end":{"line":33,"column":19}},{"start":{"line":33,"column":23},"end":{"line":34,"column":19}},{"start":{"line":34,"column":23},"end":{"line":35,"column":25}},{"start":{"line":35,"column":29},"end":{"line":35,"column":49}}],"line":32},"5":{"loc":{"start":{"line":51,"column":6},"end":{"line":58,"column":7}},"type":"if","locations":[{"start":{"line":51,"column":6},"end":{"line":58,"column":7}},{"start":{"line":51,"column":6},"end":{"line":58,"column":7}}],"line":51},"6":{"loc":{"start":{"line":51,"column":10},"end":{"line":51,"column":63}},"type":"binary-expr","locations":[{"start":{"line":51,"column":10},"end":{"line":51,"column":36}},{"start":{"line":51,"column":40},"end":{"line":51,"column":63}}],"line":51}},"s":{"0":1,"1":10,"2":10,"3":10,"4":2,"5":2,"6":2,"7":1,"8":1,"9":1,"10":0,"11":0,"12":10,"13":4,"14":3,"15":2,"16":1,"17":1,"18":1,"19":1,"20":10,"21":4,"22":1,"23":1,"24":3,"25":3,"26":10,"27":4,"28":4,"29":0,"30":1},"f":{"0":10,"1":2,"2":4,"3":4,"4":4,"5":4,"6":0},"b":{"0":[2,0],"1":[1,1],"2":[3,1],"3":[2,1],"4":[3,3,2,2,2],"5":[1,3],"6":[4,2]},"_coverageSchema":"1a1c01bbd47fc00a2c39e90264f33305004495a9","hash":"27a6e6d6f3b17addfc98dfb3c76d1da9b9f1a003"}
,"/Users/shalinibhousle/Documents/Project/src/screen_4/screenfour.js": {"path":"/Users/shalinibhousle/Documents/Project/src/screen_4/screenfour.js","statementMap":{"0":{"start":{"line":8,"column":19},"end":{"line":41,"column":1}},"1":{"start":{"line":9,"column":2},"end":{"line":40,"column":4}},"2":{"start":{"line":43,"column":15},"end":{"line":80,"column":2}}},"fnMap":{"0":{"name":"(anonymous_0)","decl":{"start":{"line":8,"column":19},"end":{"line":8,"column":20}},"loc":{"start":{"line":8,"column":38},"end":{"line":41,"column":1}},"line":8}},"branchMap":{},"s":{"0":1,"1":0,"2":1},"f":{"0":0},"b":{},"_coverageSchema":"1a1c01bbd47fc00a2c39e90264f33305004495a9","hash":"444e734c20b032eafa95bcc89e3c1b2a66efe94a"}
}
