TN:
SF:src/index.js
FNF:0
FNH:0
LF:0
LH:0
BRF:0
BRH:0
end_of_record
TN:
SF:src/Image/image_1.jpg
FNF:0
FNH:0
DA:1,1
LF:1
LH:1
BRF:0
BRH:0
end_of_record
TN:
SF:src/Image/image_2.jpg
FNF:0
FNH:0
DA:1,1
LF:1
LH:1
BRF:0
BRH:0
end_of_record
TN:
SF:src/Image/image_3.jpg
FNF:0
FNH:0
DA:1,1
LF:1
LH:1
BRF:0
BRH:0
end_of_record
TN:
SF:src/Image/image_4.png
FNF:0
FNH:0
DA:1,1
LF:1
LH:1
BRF:0
BRH:0
end_of_record
TN:
SF:src/screen_1/screenone.js
FN:13,(anonymous_0)
FNF:1
FNH:0
FNDA:0,(anonymous_0)
DA:13,1
DA:14,0
DA:36,1
LF:3
LH:2
BRF:0
BRH:0
end_of_record
TN:
SF:src/screen_2/screentwo.js
FN:13,(anonymous_0)
FNF:1
FNH:0
FNDA:0,(anonymous_0)
DA:13,1
DA:14,0
DA:36,1
LF:3
LH:2
BRF:0
BRH:0
end_of_record
TN:
SF:src/screen_3/screenthree.js
FN:8,(anonymous_0)
FN:12,(anonymous_1)
FN:30,(anonymous_2)
FN:50,(anonymous_3)
FN:79,(anonymous_4)
FN:92,(anonymous_5)
FN:103,(anonymous_6)
FNF:7
FNH:6
FNDA:10,(anonymous_0)
FNDA:2,(anonymous_1)
FNDA:4,(anonymous_2)
FNDA:4,(anonymous_3)
FNDA:4,(anonymous_4)
FNDA:4,(anonymous_5)
FNDA:0,(anonymous_6)
DA:8,1
DA:9,10
DA:10,10
DA:12,10
DA:13,2
DA:14,2
DA:16,2
DA:17,1
DA:20,1
DA:21,1
DA:25,0
DA:26,0
DA:30,10
DA:31,4
DA:32,3
DA:37,2
DA:40,1
DA:41,1
DA:45,1
DA:46,1
DA:50,10
DA:51,4
DA:52,1
DA:53,1
DA:56,3
DA:57,3
DA:62,10
DA:79,4
DA:92,4
DA:103,0
DA:115,1
LF:31
LH:28
BRDA:14,0,0,2
BRDA:14,0,1,0
BRDA:16,1,0,1
BRDA:16,1,1,1
BRDA:31,2,0,3
BRDA:31,2,1,1
BRDA:32,3,0,2
BRDA:32,3,1,1
BRDA:32,4,0,3
BRDA:32,4,1,3
BRDA:32,4,2,2
BRDA:32,4,3,2
BRDA:32,4,4,2
BRDA:51,5,0,1
BRDA:51,5,1,3
BRDA:51,6,0,4
BRDA:51,6,1,2
BRF:17
BRH:16
end_of_record
TN:
SF:src/screen_4/screenfour.js
FN:8,(anonymous_0)
FNF:1
FNH:0
FNDA:0,(anonymous_0)
DA:8,1
DA:9,0
DA:43,1
LF:3
LH:2
BRF:0
BRH:0
end_of_record
